0 info it worked if it ends with ok
1 verbose cli [ 'node', '/usr/local/bin/npm', 'run', 'watch-css' ]
2 info using npm@1.4.28
3 info using node@v0.10.36
4 verbose run-script [ 'prewatch-css', 'watch-css', 'postwatch-css' ]
5 info prewatch-css react-modals@1.0.0
6 info watch-css react-modals@1.0.0
7 verbose unsafe-perm in lifecycle true
8 info react-modals@1.0.0 Failed to exec watch-css script
9 error react-modals@1.0.0 watch-css: `catw -c 'lessc -' './src/css/*.less' -o ./public/dist/main.css -v`
9 error Exit status 8
10 error Failed at the react-modals@1.0.0 watch-css script.
10 error This is most likely a problem with the react-modals package,
10 error not with npm itself.
10 error Tell the author that this fails on your system:
10 error     catw -c 'lessc -' './src/css/*.less' -o ./public/dist/main.css -v
10 error You can get their info via:
10 error     npm owner ls react-modals
10 error There is likely additional logging output above.
11 error System Darwin 14.0.0
12 error command "node" "/usr/local/bin/npm" "run" "watch-css"
13 error cwd /Users/mac/Playground/react-modals
14 error node -v v0.10.36
15 error npm -v 1.4.28
16 error code ELIFECYCLE
17 verbose exit [ 1, true ]
